1699904683722:add --FN Bob --LN Petrov --AG 23
1699904726349:show
1699904757364:add --FN Jhon --LN Smith --AG 24
1699904764358:show
1699904795379:del --id 51268
1699904810386:del id 51268
1699904903602:add --FN Jhon --LN Smith --AG 12
1699904910588:show
1699904936605:add --FN Bob --LN Spancer --AG 22
1699904940601:show
1699904979619:del --id 49698
1699904982620:show
1699904989627:clear
1699904992628:show
1699905010636:clear
1699905023645:show
1699905153707:clear
1699905226958:add --FN Jhon --LN Smith --AG 12
1699905229955:show
1699905237961:clear
1699905562572:cle
1699905621025:add --FN Jhon --LN Smith --AG 33
1699905628015:cle
1699905632015:show
1699992687345:add --FN Jhon --LN Smith --AG 43
1699992691345:show
1699998492302:clr
1699998495304:show
1699998523813:del id 62036
1699998535822:del --id 62036
1699998538818:show
1699998562234:del --id 74838
1699998567235:show
1700076331239:add --FN Jhon --Smith Tomas --AG 23
1700076346246:add --FN Jhon --LN Smith Tomas --AG 23
1700076356247:show
1700076359247:clr
1700076363251:show
